# JRE version: OpenJDK Runtime Environment Temurin-25.0.1+8 (25.0.1+8) (build 25.0.1+8-LTS)
# Java VM: OpenJDK 64-Bit Server VM Temurin-25.0.1+8 (25.0.1+8-LTS, mixed mode, sharing, tiered, compressed oops, compressed class ptrs, parallel gc, windows-amd64)
GC Precious Log:
 CardTable entry size: 512
 CPUs: 8 total, 8 available
 Memory: 7914M
 Large Page Support: Disabled
 NUMA Support: Disabled
 Compressed Oops: Enabled (32-bit)
 Alignments: Space 512K, Generation 512K, Heap 2M
 Heap Min Capacity: 100M
 Heap Initial Capacity: 100M
 Heap Max Capacity: 2G
 Pre-touch: Disabled
 Parallel Workers: 8
Heap:
 PSYoungGen      total 30720K, used 24356K [0x00000000d5580000, 0x00000000d7980000, 0x0000000100000000)
  eden space 29696K, 78% used [0x00000000d5580000,0x00000000d6c4d190,0x00000000d7280000)
  from space 1024K, 98% used [0x00000000d7300000,0x00000000d73fc030,0x00000000d7400000)
  to   space 3584K, 0% used [0x00000000d7600000,0x00000000d7600000,0x00000000d7980000)
 ParOldGen       total 68608K, used 32374K [0x0000000080000000, 0x0000000084300000, 0x00000000d5580000)
  object space 68608K, 47% used [0x0000000080000000,0x0000000081f9dbb0,0x0000000084300000)
GC Heap Usage History (20 events):
Event: 23.967 {heap Before GC invocations=10 (full 1):
 PSYoungGen      total 30720K, used 30490K [0x00000000d5580000, 0x00000000d7900000, 0x0000000100000000)
  eden space 26112K, 100% used [0x00000000d5580000,0x00000000d6f00000,0x00000000d6f00000)
  from space 4608K, 95% used [0x00000000d7480000,0x00000000d78c6b90,0x00000000d7900000)
  to   space 4608K, 0% used [0x00000000d7000000,0x00000000d7000000,0x00000000d7480000)
 ParOldGen       total 68608K, used 10882K [0x0000000080000000, 0x0000000084300000, 0x00000000d558000Event: 23.980 {heap After GC invocations=10 (full 1):
 PSYoungGen      total 30208K, used 4604K [0x00000000d5580000, 0x00000000d7b80000, 0x0000000100000000)
  eden space 25600K, 0% used [0x00000000d5580000,0x00000000d5580000,0x00000000d6e80000)
  from space 4608K, 99% used [0x00000000d7000000,0x00000000d747f160,0x00000000d7480000)
  to   space 6656K, 0% used [0x00000000d7500000,0x00000000d7500000,0x00000000d7b80000)
 ParOldGen       total 68608K, used 12581K [0x0000000080000000, 0x0000000084300000, 0x00000000d5580000)
 Event: 25.057 {heap Before GC invocations=11 (full 1):
 PSYoungGen      total 30208K, used 30204K [0x00000000d5580000, 0x00000000d7b80000, 0x0000000100000000)
  eden space 25600K, 100% used [0x00000000d5580000,0x00000000d6e80000,0x00000000d6e80000)
  from space 4608K, 99% used [0x00000000d7000000,0x00000000d747f160,0x00000000d7480000)
  to   space 6656K, 0% used [0x00000000d7500000,0x00000000d7500000,0x00000000d7b80000)
 ParOldGen       total 68608K, used 12581K [0x0000000080000000, 0x0000000084300000, 0x00000000d558000Event: 25.070 {heap After GC invocations=11 (full 1):
 PSYoungGen      total 29696K, used 4226K [0x00000000d5580000, 0x00000000d7980000, 0x0000000100000000)
  eden space 25088K, 0% used [0x00000000d5580000,0x00000000d5580000,0x00000000d6e00000)
  from space 4608K, 91% used [0x00000000d7500000,0x00000000d7920880,0x00000000d7980000)
  to   space 5120K, 0% used [0x00000000d6f80000,0x00000000d6f80000,0x00000000d7480000)
 ParOldGen       total 68608K, used 15624K [0x0000000080000000, 0x0000000084300000, 0x00000000d5580000)
 Event: 25.810 {heap Before GC invocations=12 (full 1):
 PSYoungGen      total 29696K, used 29314K [0x00000000d5580000, 0x00000000d7980000, 0x0000000100000000)
  eden space 25088K, 100% used [0x00000000d5580000,0x00000000d6e00000,0x00000000d6e00000)
  from space 4608K, 91% used [0x00000000d7500000,0x00000000d7920880,0x00000000d7980000)
  to   space 5120K, 0% used [0x00000000d6f80000,0x00000000d6f80000,0x00000000d7480000)
 ParOldGen       total 68608K, used 15624K [0x0000000080000000, 0x0000000084300000, 0x00000000d558000Event: 25.826 {heap After GC invocations=12 (full 1):
 PSYoungGen      total 29696K, used 2560K [0x00000000d5580000, 0x00000000d7680000, 0x0000000100000000)
  eden space 26624K, 0% used [0x00000000d5580000,0x00000000d5580000,0x00000000d6f80000)
  from space 3072K, 83% used [0x00000000d6f80000,0x00000000d7200010,0x00000000d7280000)
  to   space 3584K, 0% used [0x00000000d7300000,0x00000000d7300000,0x00000000d7680000)
 ParOldGen       total 68608K, used 19734K [0x0000000080000000, 0x0000000084300000, 0x00000000d5580000)
 Event: 26.642 {heap Before GC invocations=13 (full 1):
 PSYoungGen      total 29696K, used 29184K [0x00000000d5580000, 0x00000000d7680000, 0x0000000100000000)
  eden space 26624K, 100% used [0x00000000d5580000,0x00000000d6f80000,0x00000000d6f80000)
  from space 3072K, 83% used [0x00000000d6f80000,0x00000000d7200010,0x00000000d7280000)
  to   space 3584K, 0% used [0x00000000d7300000,0x00000000d7300000,0x00000000d7680000)
 ParOldGen       total 68608K, used 19734K [0x0000000080000000, 0x0000000084300000, 0x00000000d558000Event: 26.654 {heap After GC invocations=13 (full 1):
 PSYoungGen      total 30720K, used 2468K [0x00000000d5580000, 0x00000000d7680000, 0x0000000100000000)
  eden space 27136K, 0% used [0x00000000d5580000,0x00000000d5580000,0x00000000d7000000)
  from space 3584K, 68% used [0x00000000d7300000,0x00000000d7569000,0x00000000d7680000)
  to   space 3072K, 0% used [0x00000000d7000000,0x00000000d7000000,0x00000000d7300000)
 ParOldGen       total 68608K, used 22205K [0x0000000080000000, 0x0000000084300000, 0x00000000d5580000)
 Event: 27.097 {heap Before GC invocations=14 (full 1):
 PSYoungGen      total 30720K, used 29604K [0x00000000d5580000, 0x00000000d7680000, 0x0000000100000000)
  eden space 27136K, 100% used [0x00000000d5580000,0x00000000d7000000,0x00000000d7000000)
  from space 3584K, 68% used [0x00000000d7300000,0x00000000d7569000,0x00000000d7680000)
  to   space 3072K, 0% used [0x00000000d7000000,0x00000000d7000000,0x00000000d7300000)
 ParOldGen       total 68608K, used 22205K [0x0000000080000000, 0x0000000084300000, 0x00000000d558000Event: 27.109 {heap After GC invocations=14 (full 1):
 PSYoungGen      total 30208K, used 2656K [0x00000000d5580000, 0x00000000d7680000, 0x0000000100000000)
  eden space 27136K, 0% used [0x00000000d5580000,0x00000000d5580000,0x00000000d7000000)
  from space 3072K, 86% used [0x00000000d7000000,0x00000000d7298010,0x00000000d7300000)
  to   space 3072K, 0% used [0x00000000d7380000,0x00000000d7380000,0x00000000d7680000)
 ParOldGen       total 68608K, used 24555K [0x0000000080000000, 0x0000000084300000, 0x00000000d5580000)
 Event: 27.483 {heap Before GC invocations=15 (full 1):
 PSYoungGen      total 30208K, used 29792K [0x00000000d5580000, 0x00000000d7680000, 0x0000000100000000)
  eden space 27136K, 100% used [0x00000000d5580000,0x00000000d7000000,0x00000000d7000000)
  from space 3072K, 86% used [0x00000000d7000000,0x00000000d7298010,0x00000000d7300000)
  to   space 3072K, 0% used [0x00000000d7380000,0x00000000d7380000,0x00000000d7680000)
 ParOldGen       total 68608K, used 24555K [0x0000000080000000, 0x0000000084300000, 0x00000000d558000Event: 27.493 {heap After GC invocations=15 (full 1):
 PSYoungGen      total 31232K, used 2456K [0x00000000d5580000, 0x00000000d7680000, 0x0000000100000000)
  eden space 28160K, 0% used [0x00000000d5580000,0x00000000d5580000,0x00000000d7100000)
  from space 3072K, 79% used [0x00000000d7380000,0x00000000d75e6200,0x00000000d7680000)
  to   space 2560K, 0% used [0x00000000d7100000,0x00000000d7100000,0x00000000d7380000)
 ParOldGen       total 68608K, used 27139K [0x0000000080000000, 0x0000000084300000, 0x00000000d5580000)
 Event: 31.141 {heap Before GC invocations=16 (full 2):
 PSYoungGen      total 31232K, used 29767K [0x00000000d5580000, 0x00000000d7680000, 0x0000000100000000)
  eden space 28160K, 96% used [0x00000000d5580000,0x00000000d702bcb0,0x00000000d7100000)
  from space 3072K, 79% used [0x00000000d7380000,0x00000000d75e6200,0x00000000d7680000)
  to   space 2560K, 0% used [0x00000000d7100000,0x00000000d7100000,0x00000000d7380000)
 ParOldGen       total 68608K, used 27139K [0x0000000080000000, 0x0000000084300000, 0x00000000d5580000Event: 31.273 {heap After GC invocations=16 (full 2):
 PSYoungGen      total 31232K, used 0K [0x00000000d5580000, 0x00000000d7680000, 0x0000000100000000)
  eden space 28160K, 0% used [0x00000000d5580000,0x00000000d5580000,0x00000000d7100000)
  from space 3072K, 0% used [0x00000000d7380000,0x00000000d7380000,0x00000000d7680000)
  to   space 2560K, 0% used [0x00000000d7100000,0x00000000d7100000,0x00000000d7380000)
 ParOldGen       total 68608K, used 30399K [0x0000000080000000, 0x0000000084300000, 0x00000000d5580000)
  objEvent: 33.529 {heap Before GC invocations=17 (full 2):
 PSYoungGen      total 31232K, used 28160K [0x00000000d5580000, 0x00000000d7680000, 0x0000000100000000)
  eden space 28160K, 100% used [0x00000000d5580000,0x00000000d7100000,0x00000000d7100000)
  from space 3072K, 0% used [0x00000000d7380000,0x00000000d7380000,0x00000000d7680000)
  to   space 2560K, 0% used [0x00000000d7100000,0x00000000d7100000,0x00000000d7380000)
 ParOldGen       total 68608K, used 30399K [0x0000000080000000, 0x0000000084300000, 0x00000000d5580000Event: 33.534 {heap After GC invocations=17 (full 2):
 PSYoungGen      total 30720K, used 1834K [0x00000000d5580000, 0x00000000d7680000, 0x0000000100000000)
  eden space 28160K, 0% used [0x00000000d5580000,0x00000000d5580000,0x00000000d7100000)
  from space 2560K, 71% used [0x00000000d7100000,0x00000000d72cabe0,0x00000000d7380000)
  to   space 2560K, 0% used [0x00000000d7400000,0x00000000d7400000,0x00000000d7680000)
 ParOldGen       total 68608K, used 30407K [0x0000000080000000, 0x0000000084300000, 0x00000000d5580000)
 Event: 34.433 {heap Before GC invocations=18 (full 2):
 PSYoungGen      total 30720K, used 29994K [0x00000000d5580000, 0x00000000d7680000, 0x0000000100000000)
  eden space 28160K, 100% used [0x00000000d5580000,0x00000000d7100000,0x00000000d7100000)
  from space 2560K, 71% used [0x00000000d7100000,0x00000000d72cabe0,0x00000000d7380000)
  to   space 2560K, 0% used [0x00000000d7400000,0x00000000d7400000,0x00000000d7680000)
 ParOldGen       total 68608K, used 30407K [0x0000000080000000, 0x0000000084300000, 0x00000000d558000Event: 34.435 {heap After GC invocations=18 (full 2):
 PSYoungGen      total 32768K, used 192K [0x00000000d5580000, 0x00000000d7680000, 0x0000000100000000)
  eden space 30208K, 0% used [0x00000000d5580000,0x00000000d5580000,0x00000000d7300000)
  from space 2560K, 7% used [0x00000000d7400000,0x00000000d7430000,0x00000000d7680000)
  to   space 1024K, 0% used [0x00000000d7300000,0x00000000d7300000,0x00000000d7400000)
 ParOldGen       total 68608K, used 30727K [0x0000000080000000, 0x0000000084300000, 0x00000000d5580000)
  oEvent: 37.589 {heap Before GC invocations=19 (full 2):
 PSYoungGen      total 32768K, used 30400K [0x00000000d5580000, 0x00000000d7680000, 0x0000000100000000)
  eden space 30208K, 100% used [0x00000000d5580000,0x00000000d7300000,0x00000000d7300000)
  from space 2560K, 7% used [0x00000000d7400000,0x00000000d7430000,0x00000000d7680000)
  to   space 1024K, 0% used [0x00000000d7300000,0x00000000d7300000,0x00000000d7400000)
 ParOldGen       total 68608K, used 30727K [0x0000000080000000, 0x0000000084300000, 0x00000000d5580000Event: 37.600 {heap After GC invocations=19 (full 2):
 PSYoungGen      total 30720K, used 1008K [0x00000000d5580000, 0x00000000d7980000, 0x0000000100000000)
  eden space 29696K, 0% used [0x00000000d5580000,0x00000000d5580000,0x00000000d7280000)
  from space 1024K, 98% used [0x00000000d7300000,0x00000000d73fc030,0x00000000d7400000)
  to   space 3584K, 0% used [0x00000000d7600000,0x00000000d7600000,0x00000000d7980000)
 ParOldGen       total 68608K, used 32374K [0x0000000080000000, 0x0000000084300000, 0x00000000d5580000)
 
Metaspace Usage History (20 events):
Event: 23.967 {metaspace Before GC invocations=10 (full 1):
 Metaspace       used 31832K, committed 32576K, reserved 1114112K
  class space    used 2594K, committed 2944K, reserved 1048576K
}
Event: 23.980 {metaspace After GC invocations=10 (full 1):
 Metaspace       used 31832K, committed 32576K, reserved 1114112K
  class space    used 2594K, committed 2944K, reserved 1048576K
}
Event: 25.057 {metaspace Before GC invocations=11 (full 1):
 Metaspace       used 32232K, committed 33024K, reserved 1114112K
  class space    used 2652K, committed 3008K, reserved 1048576K
}
Event: 25.070 {metaspace After GC invocations=11 (full 1):
 Metaspace       used 32232K, committed 33024K, reserved 1114112K
  class space    used 2652K, committed 3008K, reserved 1048576K
}
Event: 25.810 {metaspace Before GC invocations=12 (full 1):
 Metaspace       used 32242K, committed 33024K, reserved 1114112K
  class space    used 2652K, committed 3008K, reserved 1048576K
}
Event: 25.826 {metaspace After GC invocations=12 (full 1):
 Metaspace       used 32242K, committed 33024K, reserved 1114112K
  class space    used 2652K, committed 3008K, reserved 1048576K
}
Event: 26.642 {metaspace Before GC invocations=13 (full 1):
 Metaspace       used 32261K, committed 33024K, reserved 1114112K
  class space    used 2652K, committed 3008K, reserved 1048576K
}
Event: 26.654 {metaspace After GC invocations=13 (full 1):
 Metaspace       used 32261K, committed 33024K, reserved 1114112K
  class space    used 2652K, committed 3008K, reserved 1048576K
}
Event: 27.097 {metaspace Before GC invocations=14 (full 1):
 Metaspace       used 32363K, committed 33152K, reserved 1114112K
  class space    used 2654K, committed 3008K, reserved 1048576K
}
Event: 27.109 {metaspace After GC invocations=14 (full 1):
 Metaspace       used 32363K, committed 33152K, reserved 1114112K
  class space    used 2654K, committed 3008K, reserved 1048576K
}
Event: 27.483 {metaspace Before GC invocations=15 (full 1):
 Metaspace       used 32452K, committed 33280K, reserved 1114112K
  class space    used 2655K, committed 3008K, reserved 1048576K
}
Event: 27.493 {metaspace After GC invocations=15 (full 1):
 Metaspace       used 32452K, committed 33280K, reserved 1114112K
  class space    used 2655K, committed 3008K, reserved 1048576K
}
Event: 31.141 {metaspace Before GC invocations=16 (full 2):
 Metaspace       used 35003K, committed 35840K, reserved 1114112K
  class space    used 2939K, committed 3328K, reserved 1048576K
}
Event: 31.273 {metaspace After GC invocations=16 (full 2):
 Metaspace       used 34990K, committed 35840K, reserved 1114112K
  class space    used 2935K, committed 3328K, reserved 1048576K
}
Event: 33.529 {metaspace Before GC invocations=17 (full 2):
 Metaspace       used 36418K, committed 37312K, reserved 1114112K
  class space    used 3041K, committed 3456K, reserved 1048576K
}
Event: 33.534 {metaspace After GC invocations=17 (full 2):
 Metaspace       used 36418K, committed 37312K, reserved 1114112K
  class space    used 3041K, committed 3456K, reserved 1048576K
}
Event: 34.433 {metaspace Before GC invocations=18 (full 2):
 Metaspace       used 37188K, committed 38016K, reserved 1114112K
  class space    used 3108K, committed 3456K, reserved 1048576K
}
Event: 34.435 {metaspace After GC invocations=18 (full 2):
 Metaspace       used 37188K, committed 38016K, reserved 1114112K
  class space    used 3108K, committed 3456K, reserved 1048576K
}
Event: 37.589 {metaspace Before GC invocations=19 (full 2):
 Metaspace       used 40380K, committed 41280K, reserved 1114112K
  class space    used 3401K, committed 3776K, reserved 1048576K
}
Event: 37.600 {metaspace After GC invocations=19 (full 2):
 Metaspace       used 40380K, committed 41280K, reserved 1114112K
  class space    used 3401K, committed 3776K, reserved 1048576K
}

